<?xml version="1.0" encoding="UTF-8"?>
<testsuite name="ru.netology.WallServiceTest" tests="1" skipped="0" failures="0" errors="0" timestamp="2020-09-23T17:36:17" hostname="DESKTOP-JE8DERJ" time="0.486">
  <properties/>
  <testcase name="update_Post" classname="ru.netology.WallServiceTest" time="0.486"/>
  <system-out><![CDATA[]]></system-out>
  <system-err><![CDATA[]]></system-err>
</testsuite>
