<?xml version="1.0" encoding="UTF-8"?>
<testsuite name="ru.netology.WallServiceTest" tests="5" skipped="0" failures="0" errors="0" timestamp="2020-09-27T20:00:30" hostname="DESKTOP-JE8DERJ" time="0.442">
  <properties/>
  <testcase name="addComment" classname="ru.netology.WallServiceTest" time="0.433"/>
  <testcase name="addPost" classname="ru.netology.WallServiceTest" time="0.001"/>
  <testcase name="updatePostFalse" classname="ru.netology.WallServiceTest" time="0.001"/>
  <testcase name="shouldThrow" classname="ru.netology.WallServiceTest" time="0.001"/>
  <testcase name="updatePostTrue" classname="ru.netology.WallServiceTest" time="0.001"/>
  <system-out><![CDATA[]]></system-out>
  <system-err><![CDATA[]]></system-err>
</testsuite>
