<?xml version="1.0" encoding="UTF-8"?>
<testsuite name="ru.netology.WallServiceTest" tests="2" skipped="0" failures="0" errors="0" timestamp="2020-09-22T18:48:05" hostname="DESKTOP-JE8DERJ" time="0.44">
  <properties/>
  <testcase name="add_Post" classname="ru.netology.WallServiceTest" time="0.437"/>
  <testcase name="update_Post" classname="ru.netology.WallServiceTest" time="0.001"/>
  <system-out><![CDATA[]]></system-out>
  <system-err><![CDATA[]]></system-err>
</testsuite>
